[debug] [2020-10-21T22:37:30.256Z] ----------------------------------------------------------------------
[debug] [2020-10-21T22:37:30.258Z] Command:       C:\Program Files\nodejs\node.exe C:\Users\domovikx\AppData\Roaming\npm\node_modules\firebase-tools\lib\bin\firebase.js init
[debug] [2020-10-21T22:37:30.258Z] CLI Version:   8.13.1
[debug] [2020-10-21T22:37:30.259Z] Platform:      win32
[debug] [2020-10-21T22:37:30.259Z] Node Version:  v14.5.0
[debug] [2020-10-21T22:37:30.260Z] Time:          Thu Oct 22 2020 01:37:30 GMT+0300 (Москва, стандартное время)
[debug] [2020-10-21T22:37:30.260Z] ----------------------------------------------------------------------
[debug] [2020-10-21T22:37:30.260Z] 
[debug] [2020-10-21T22:37:30.265Z] > command requires scopes: ["email","openid","https://www.googleapis.com/auth/cloudplatformprojects.readonly","https://www.googleapis.com/auth/firebase","https://www.googleapis.com/auth/cloud-platform"]
[debug] [2020-10-21T22:37:30.266Z] > authorizing via signed-in user
[info] 
     ######## #### ########  ######## ########     ###     ######  ########
     ##        ##  ##     ## ##       ##     ##  ##   ##  ##       ##
     ######    ##  ########  ######   ########  #########  ######  ######
     ##        ##  ##    ##  ##       ##     ## ##     ##       ## ##
     ##       #### ##     ## ######## ########  ##     ##  ######  ########

You're about to initialize a Firebase project in this directory:

  C:\git3\polidrev_site\src\client

Before we get started, keep in mind:

  * You are currently outside your home directory
  * You are initializing in an existing Firebase project directory

